# JRE version: OpenJDK Runtime Environment (8.0_242-b01) (build 1.8.0_242-release-1644-b01)
# Java VM: OpenJDK 64-Bit Server VM (25.242-b01 mixed mode windows-amd64 compressed oops)
Heap:
 PSYoungGen      total 286720K, used 251584K [0x00000000d5580000, 0x00000000e8480000, 0x0000000100000000)
  eden space 264704K, 86% used [0x00000000d5580000,0x00000000e35b7e78,0x00000000e5800000)
  from space 22016K, 99% used [0x00000000e5980000,0x00000000e6ef8250,0x00000000e6f00000)
  to   space 16896K, 0% used [0x00000000e7400000,0x00000000e7400000,0x00000000e8480000)
 ParOldGen       total 97792K, used 67997K [0x0000000080000000, 0x0000000085f80000, 0x00000000d5580000)
  object space 97792K, 69% used [0x0000000080000000,0x00000000842676e0,0x0000000085f80000)
 Metaspace       used 73618K, capacity 77560K, committed 77720K, reserved 1116160K
  class space    used 10097K, capacity 10841K, committed 10920K, reserved 1048576K
GC Heap History (10 events):
Event: 18.805 GC heap before
{Heap before GC invocations=12 (full 2):
 PSYoungGen      total 140288K, used 129024K [0x00000000d5580000, 0x00000000e2f80000, 0x0000000100000000)
  eden space 129024K, 100% used [0x00000000d5580000,0x00000000dd380000,0x00000000dd380000)
  from space 11264K, 0% used [0x00000000dd380000,0x00000000dd380000,0x00000000dde80000)
  to   space 12800K, 0% used [0x00000000e2300000,0x00000000e2300000,0x00000000e2f80000)
 ParOldGen       total 62976K, used 17139K [0x0000000080000000, 0x0000000083d80000, 0x00000000d5580000)
  object space 62976K, 27% used [0x0000000080000000,0x00000000810bcf48,0x0000000083d80000)
 Metaspace       used 40890K, capacity 42650K, committed 42920K, reserved 1085440K
  class space    used 5594K, capacity 5973K, committed 6056K, reserved 1048576K
Event: 18.830 GC heap after
Heap after GC invocations=12 (full 2):
 PSYoungGen      total 200192K, used 10604K [0x00000000d5580000, 0x00000000e2d80000, 0x0000000100000000)
  eden space 189440K, 0% used [0x00000000d5580000,0x00000000d5580000,0x00000000e0e80000)
  from space 10752K, 98% used [0x00000000e2300000,0x00000000e2d5b0f8,0x00000000e2d80000)
  to   space 13824K, 0% used [0x00000000e1280000,0x00000000e1280000,0x00000000e2000000)
 ParOldGen       total 62976K, used 17147K [0x0000000080000000, 0x0000000083d80000, 0x00000000d5580000)
  object space 62976K, 27% used [0x0000000080000000,0x00000000810bef48,0x0000000083d80000)
 Metaspace       used 40890K, capacity 42650K, committed 42920K, reserved 1085440K
  class space    used 5594K, capacity 5973K, committed 6056K, reserved 1048576K
}
Event: 26.325 GC heap before
{Heap before GC invocations=13 (full 2):
 PSYoungGen      total 200192K, used 187119K [0x00000000d5580000, 0x00000000e2d80000, 0x0000000100000000)
  eden space 189440K, 93% used [0x00000000d5580000,0x00000000e01e0e08,0x00000000e0e80000)
  from space 10752K, 98% used [0x00000000e2300000,0x00000000e2d5b0f8,0x00000000e2d80000)
  to   space 13824K, 0% used [0x00000000e1280000,0x00000000e1280000,0x00000000e2000000)
 ParOldGen       total 62976K, used 17147K [0x0000000080000000, 0x0000000083d80000, 0x00000000d5580000)
  object space 62976K, 27% used [0x0000000080000000,0x00000000810bef48,0x0000000083d80000)
 Metaspace       used 56591K, capacity 58972K, committed 59160K, reserved 1099776K
  class space    used 7738K, capacity 8201K, committed 8232K, reserved 1048576K
Event: 26.403 GC heap after
Heap after GC invocations=13 (full 2):
 PSYoungGen      total 207360K, used 13792K [0x00000000d5580000, 0x00000000e8800000, 0x0000000100000000)
  eden space 193536K, 0% used [0x00000000d5580000,0x00000000d5580000,0x00000000e1280000)
  from space 13824K, 99% used [0x00000000e1280000,0x00000000e1ff8238,0x00000000e2000000)
  to   space 20480K, 0% used [0x00000000e7400000,0x00000000e7400000,0x00000000e8800000)
 ParOldGen       total 62976K, used 30208K [0x0000000080000000, 0x0000000083d80000, 0x00000000d5580000)
  object space 62976K, 47% used [0x0000000080000000,0x0000000081d80278,0x0000000083d80000)
 Metaspace       used 56591K, capacity 58972K, committed 59160K, reserved 1099776K
  class space    used 7738K, capacity 8201K, committed 8232K, reserved 1048576K
}
Event: 26.403 GC heap before
{Heap before GC invocations=14 (full 3):
 PSYoungGen      total 207360K, used 13792K [0x00000000d5580000, 0x00000000e8800000, 0x0000000100000000)
  eden space 193536K, 0% used [0x00000000d5580000,0x00000000d5580000,0x00000000e1280000)
  from space 13824K, 99% used [0x00000000e1280000,0x00000000e1ff8238,0x00000000e2000000)
  to   space 20480K, 0% used [0x00000000e7400000,0x00000000e7400000,0x00000000e8800000)
 ParOldGen       total 62976K, used 30208K [0x0000000080000000, 0x0000000083d80000, 0x00000000d5580000)
  object space 62976K, 47% used [0x0000000080000000,0x0000000081d80278,0x0000000083d80000)
 Metaspace       used 56591K, capacity 58972K, committed 59160K, reserved 1099776K
  class space    used 7738K, capacity 8201K, committed 8232K, reserved 1048576K
Event: 26.992 GC heap after
Heap after GC invocations=14 (full 3):
 PSYoungGen      total 207360K, used 0K [0x00000000d5580000, 0x00000000e8800000, 0x0000000100000000)
  eden space 193536K, 0% used [0x00000000d5580000,0x00000000d5580000,0x00000000e1280000)
  from space 13824K, 0% used [0x00000000e1280000,0x00000000e1280000,0x00000000e2000000)
  to   space 20480K, 0% used [0x00000000e7400000,0x00000000e7400000,0x00000000e8800000)
 ParOldGen       total 97792K, used 38443K [0x0000000080000000, 0x0000000085f80000, 0x00000000d5580000)
  object space 97792K, 39% used [0x0000000080000000,0x000000008258acb0,0x0000000085f80000)
 Metaspace       used 56578K, capacity 58930K, committed 59160K, reserved 1099776K
  class space    used 7734K, capacity 8194K, committed 8232K, reserved 1048576K
}
Event: 35.037 GC heap before
{Heap before GC invocations=15 (full 3):
 PSYoungGen      total 207360K, used 193536K [0x00000000d5580000, 0x00000000e8800000, 0x0000000100000000)
  eden space 193536K, 100% used [0x00000000d5580000,0x00000000e1280000,0x00000000e1280000)
  from space 13824K, 0% used [0x00000000e1280000,0x00000000e1280000,0x00000000e2000000)
  to   space 20480K, 0% used [0x00000000e7400000,0x00000000e7400000,0x00000000e8800000)
 ParOldGen       total 97792K, used 38443K [0x0000000080000000, 0x0000000085f80000, 0x00000000d5580000)
  object space 97792K, 39% used [0x0000000080000000,0x000000008258acb0,0x0000000085f80000)
 Metaspace       used 63841K, capacity 66822K, committed 66968K, reserved 1107968K
  class space    used 8774K, capacity 9364K, committed 9384K, reserved 1048576K
Event: 35.147 GC heap after
Heap after GC invocations=15 (full 3):
 PSYoungGen      total 281600K, used 16855K [0x00000000d5580000, 0x00000000e8480000, 0x0000000100000000)
  eden space 264704K, 0% used [0x00000000d5580000,0x00000000d5580000,0x00000000e5800000)
  from space 16896K, 99% used [0x00000000e7400000,0x00000000e8475d00,0x00000000e8480000)
  to   space 22016K, 0% used [0x00000000e5980000,0x00000000e5980000,0x00000000e6f00000)
 ParOldGen       total 97792K, used 38451K [0x0000000080000000, 0x0000000085f80000, 0x00000000d5580000)
  object space 97792K, 39% used [0x0000000080000000,0x000000008258ccb0,0x0000000085f80000)
 Metaspace       used 63841K, capacity 66822K, committed 66968K, reserved 1107968K
  class space    used 8774K, capacity 9364K, committed 9384K, reserved 1048576K
}
Event: 42.938 GC heap before
{Heap before GC invocations=16 (full 3):
 PSYoungGen      total 281600K, used 281559K [0x00000000d5580000, 0x00000000e8480000, 0x0000000100000000)
  eden space 264704K, 100% used [0x00000000d5580000,0x00000000e5800000,0x00000000e5800000)
  from space 16896K, 99% used [0x00000000e7400000,0x00000000e8475d00,0x00000000e8480000)
  to   space 22016K, 0% used [0x00000000e5980000,0x00000000e5980000,0x00000000e6f00000)
 ParOldGen       total 97792K, used 38451K [0x0000000080000000, 0x0000000085f80000, 0x00000000d5580000)
  object space 97792K, 39% used [0x0000000080000000,0x000000008258ccb0,0x0000000085f80000)
 Metaspace       used 73020K, capacity 76860K, committed 77208K, reserved 1116160K
  class space    used 10072K, capacity 10803K, committed 10920K, reserved 1048576K
Event: 43.353 GC heap after
Heap after GC invocations=16 (full 3):
 PSYoungGen      total 286720K, used 21984K [0x00000000d5580000, 0x00000000e8480000, 0x0000000100000000)
  eden space 264704K, 0% used [0x00000000d5580000,0x00000000d5580000,0x00000000e5800000)
  from space 22016K, 99% used [0x00000000e5980000,0x00000000e6ef8250,0x00000000e6f00000)
  to   space 16896K, 0% used [0x00000000e7400000,0x00000000e7400000,0x00000000e8480000)
 ParOldGen       total 97792K, used 67997K [0x0000000080000000, 0x0000000085f80000, 0x00000000d5580000)
  object space 97792K, 69% used [0x0000000080000000,0x00000000842676e0,0x0000000085f80000)
 Metaspace       used 73020K, capacity 76860K, committed 77208K, reserved 1116160K
  class space    used 10072K, capacity 10803K, committed 10920K, reserved 1048576K
}

