# JRE version: OpenJDK Runtime Environment (8.0_242-b01) (build 1.8.0_242-release-1644-b01)
# Java VM: OpenJDK 64-Bit Server VM (25.242-b01 mixed mode windows-amd64 compressed oops)
Heap:
 PSYoungGen      total 285696K, used 70393K [0x00000000d5580000, 0x00000000efe00000, 0x0000000100000000)
  eden space 263680K, 18% used [0x00000000d5580000,0x00000000d84c2510,0x00000000e5700000)
  from space 22016K, 99% used [0x00000000e5700000,0x00000000e6c7c078,0x00000000e6c80000)
  to   space 34304K, 0% used [0x00000000edc80000,0x00000000edc80000,0x00000000efe00000)
 ParOldGen       total 97792K, used 63302K [0x0000000080000000, 0x0000000085f80000, 0x00000000d5580000)
  object space 97792K, 64% used [0x0000000080000000,0x0000000083dd1b50,0x0000000085f80000)
 Metaspace       used 81002K, capacity 84704K, committed 84888K, reserved 1122304K
  class space    used 11102K, capacity 11830K, committed 11944K, reserved 1048576K
GC Heap History (10 events):
Event: 54.994 GC heap before
{Heap before GC invocations=12 (full 2):
 PSYoungGen      total 140288K, used 129024K [0x00000000d5580000, 0x00000000e2c80000, 0x0000000100000000)
  eden space 129024K, 100% used [0x00000000d5580000,0x00000000dd380000,0x00000000dd380000)
  from space 11264K, 0% used [0x00000000dd380000,0x00000000dd380000,0x00000000dde80000)
  to   space 12800K, 0% used [0x00000000e2000000,0x00000000e2000000,0x00000000e2c80000)
 ParOldGen       total 64512K, used 17146K [0x0000000080000000, 0x0000000083f00000, 0x00000000d5580000)
  object space 64512K, 26% used [0x0000000080000000,0x00000000810be8b8,0x0000000083f00000)
 Metaspace       used 40806K, capacity 42552K, committed 42664K, reserved 1085440K
  class space    used 5592K, capacity 5978K, committed 6056K, reserved 1048576K
Event: 55.016 GC heap after
Heap after GC invocations=12 (full 2):
 PSYoungGen      total 197632K, used 10511K [0x00000000d5580000, 0x00000000e2a80000, 0x0000000100000000)
  eden space 186880K, 0% used [0x00000000d5580000,0x00000000d5580000,0x00000000e0c00000)
  from space 10752K, 97% used [0x00000000e2000000,0x00000000e2a43e48,0x00000000e2a80000)
  to   space 13312K, 0% used [0x00000000e1080000,0x00000000e1080000,0x00000000e1d80000)
 ParOldGen       total 64512K, used 17154K [0x0000000080000000, 0x0000000083f00000, 0x00000000d5580000)
  object space 64512K, 26% used [0x0000000080000000,0x00000000810c08b8,0x0000000083f00000)
 Metaspace       used 40806K, capacity 42552K, committed 42664K, reserved 1085440K
  class space    used 5592K, capacity 5978K, committed 6056K, reserved 1048576K
}
Event: 62.547 GC heap before
{Heap before GC invocations=13 (full 2):
 PSYoungGen      total 197632K, used 189123K [0x00000000d5580000, 0x00000000e2a80000, 0x0000000100000000)
  eden space 186880K, 95% used [0x00000000d5580000,0x00000000e03ece88,0x00000000e0c00000)
  from space 10752K, 97% used [0x00000000e2000000,0x00000000e2a43e48,0x00000000e2a80000)
  to   space 13312K, 0% used [0x00000000e1080000,0x00000000e1080000,0x00000000e1d80000)
 ParOldGen       total 64512K, used 17154K [0x0000000080000000, 0x0000000083f00000, 0x00000000d5580000)
  object space 64512K, 26% used [0x0000000080000000,0x00000000810c08b8,0x0000000083f00000)
 Metaspace       used 56821K, capacity 59134K, committed 59160K, reserved 1099776K
  class space    used 7766K, capacity 8210K, committed 8232K, reserved 1048576K
Event: 62.669 GC heap after
Heap after GC invocations=13 (full 2):
 PSYoungGen      total 204800K, used 13293K [0x00000000d5580000, 0x00000000e8080000, 0x0000000100000000)
  eden space 191488K, 0% used [0x00000000d5580000,0x00000000d5580000,0x00000000e1080000)
  from space 13312K, 99% used [0x00000000e1080000,0x00000000e1d7b4e0,0x00000000e1d80000)
  to   space 20480K, 0% used [0x00000000e6c80000,0x00000000e6c80000,0x00000000e8080000)
 ParOldGen       total 64512K, used 30872K [0x0000000080000000, 0x0000000083f00000, 0x00000000d5580000)
  object space 64512K, 47% used [0x0000000080000000,0x0000000081e261e0,0x0000000083f00000)
 Metaspace       used 56821K, capacity 59134K, committed 59160K, reserved 1099776K
  class space    used 7766K, capacity 8210K, committed 8232K, reserved 1048576K
}
Event: 62.669 GC heap before
{Heap before GC invocations=14 (full 3):
 PSYoungGen      total 204800K, used 13293K [0x00000000d5580000, 0x00000000e8080000, 0x0000000100000000)
  eden space 191488K, 0% used [0x00000000d5580000,0x00000000d5580000,0x00000000e1080000)
  from space 13312K, 99% used [0x00000000e1080000,0x00000000e1d7b4e0,0x00000000e1d80000)
  to   space 20480K, 0% used [0x00000000e6c80000,0x00000000e6c80000,0x00000000e8080000)
 ParOldGen       total 64512K, used 30872K [0x0000000080000000, 0x0000000083f00000, 0x00000000d5580000)
  object space 64512K, 47% used [0x0000000080000000,0x0000000081e261e0,0x0000000083f00000)
 Metaspace       used 56821K, capacity 59134K, committed 59160K, reserved 1099776K
  class space    used 7766K, capacity 8210K, committed 8232K, reserved 1048576K
Event: 63.100 GC heap after
Heap after GC invocations=14 (full 3):
 PSYoungGen      total 204800K, used 0K [0x00000000d5580000, 0x00000000e8080000, 0x0000000100000000)
  eden space 191488K, 0% used [0x00000000d5580000,0x00000000d5580000,0x00000000e1080000)
  from space 13312K, 0% used [0x00000000e1080000,0x00000000e1080000,0x00000000e1d80000)
  to   space 20480K, 0% used [0x00000000e6c80000,0x00000000e6c80000,0x00000000e8080000)
 ParOldGen       total 97792K, used 38700K [0x0000000080000000, 0x0000000085f80000, 0x00000000d5580000)
  object space 97792K, 39% used [0x0000000080000000,0x00000000825cb1d0,0x0000000085f80000)
 Metaspace       used 56800K, capacity 59062K, committed 59160K, reserved 1099776K
  class space    used 7759K, capacity 8198K, committed 8232K, reserved 1048576K
}
Event: 77.050 GC heap before
{Heap before GC invocations=15 (full 3):
 PSYoungGen      total 204800K, used 191488K [0x00000000d5580000, 0x00000000e8080000, 0x0000000100000000)
  eden space 191488K, 100% used [0x00000000d5580000,0x00000000e1080000,0x00000000e1080000)
  from space 13312K, 0% used [0x00000000e1080000,0x00000000e1080000,0x00000000e1d80000)
  to   space 20480K, 0% used [0x00000000e6c80000,0x00000000e6c80000,0x00000000e8080000)
 ParOldGen       total 97792K, used 38700K [0x0000000080000000, 0x0000000085f80000, 0x00000000d5580000)
  object space 97792K, 39% used [0x0000000080000000,0x00000000825cb1d0,0x0000000085f80000)
 Metaspace       used 64855K, capacity 67768K, committed 67864K, reserved 1107968K
  class space    used 8929K, capacity 9511K, committed 9512K, reserved 1048576K
Event: 77.098 GC heap after
Heap after GC invocations=15 (full 3):
 PSYoungGen      total 284160K, used 16849K [0x00000000d5580000, 0x00000000e8980000, 0x0000000100000000)
  eden space 263680K, 0% used [0x00000000d5580000,0x00000000d5580000,0x00000000e5700000)
  from space 20480K, 82% used [0x00000000e6c80000,0x00000000e7cf4560,0x00000000e8080000)
  to   space 22016K, 0% used [0x00000000e5700000,0x00000000e5700000,0x00000000e6c80000)
 ParOldGen       total 97792K, used 38708K [0x0000000080000000, 0x0000000085f80000, 0x00000000d5580000)
  object space 97792K, 39% used [0x0000000080000000,0x00000000825cd1d0,0x0000000085f80000)
 Metaspace       used 64855K, capacity 67768K, committed 67864K, reserved 1107968K
  class space    used 8929K, capacity 9511K, committed 9512K, reserved 1048576K
}
Event: 98.279 GC heap before
{Heap before GC invocations=16 (full 3):
 PSYoungGen      total 284160K, used 280529K [0x00000000d5580000, 0x00000000e8980000, 0x0000000100000000)
  eden space 263680K, 100% used [0x00000000d5580000,0x00000000e5700000,0x00000000e5700000)
  from space 20480K, 82% used [0x00000000e6c80000,0x00000000e7cf4560,0x00000000e8080000)
  to   space 22016K, 0% used [0x00000000e5700000,0x00000000e5700000,0x00000000e6c80000)
 ParOldGen       total 97792K, used 38708K [0x0000000080000000, 0x0000000085f80000, 0x00000000d5580000)
  object space 97792K, 39% used [0x0000000080000000,0x00000000825cd1d0,0x0000000085f80000)
 Metaspace       used 79758K, capacity 83410K, committed 83608K, reserved 1122304K
  class space    used 10902K, capacity 11585K, committed 11688K, reserved 1048576K
Event: 98.512 GC heap after
Heap after GC invocations=16 (full 3):
 PSYoungGen      total 285696K, used 22000K [0x00000000d5580000, 0x00000000efe00000, 0x0000000100000000)
  eden space 263680K, 0% used [0x00000000d5580000,0x00000000d5580000,0x00000000e5700000)
  from space 22016K, 99% used [0x00000000e5700000,0x00000000e6c7c078,0x00000000e6c80000)
  to   space 34304K, 0% used [0x00000000edc80000,0x00000000edc80000,0x00000000efe00000)
 ParOldGen       total 97792K, used 63302K [0x0000000080000000, 0x0000000085f80000, 0x00000000d5580000)
  object space 97792K, 64% used [0x0000000080000000,0x0000000083dd1b50,0x0000000085f80000)
 Metaspace       used 79758K, capacity 83410K, committed 83608K, reserved 1122304K
  class space    used 10902K, capacity 11585K, committed 11688K, reserved 1048576K
}

