# JRE version: OpenJDK Runtime Environment (8.0_242-b01) (build 1.8.0_242-release-1644-b01)
# Java VM: OpenJDK 64-Bit Server VM (25.242-b01 mixed mode windows-amd64 compressed oops)
Heap:
 PSYoungGen      total 331776K, used 7947K [0x00000000d5580000, 0x00000000ec800000, 0x0000000100000000)
  eden space 293888K, 1% used [0x00000000d5580000,0x00000000d5abbd40,0x00000000e7480000)
  from space 37888K, 6% used [0x00000000e7480000,0x00000000e7707008,0x00000000e9980000)
  to   space 25088K, 0% used [0x00000000e9980000,0x00000000e9980000,0x00000000eb200000)
 ParOldGen       total 104448K, used 78964K [0x0000000080000000, 0x0000000086600000, 0x00000000d5580000)
  object space 104448K, 75% used [0x0000000080000000,0x0000000084d1d358,0x0000000086600000)
 Metaspace       used 74709K, capacity 79016K, committed 79256K, reserved 1118208K
  class space    used 10267K, capacity 11079K, committed 11184K, reserved 1048576K
GC Heap History (10 events):
Event: 21.241 GC heap before
{Heap before GC invocations=14 (full 2):
 PSYoungGen      total 186880K, used 19696K [0x00000000d5580000, 0x00000000e5c00000, 0x0000000100000000)
  eden space 173568K, 3% used [0x00000000d5580000,0x00000000d5bc0b40,0x00000000dff00000)
  from space 13312K, 99% used [0x00000000dff00000,0x00000000e0bfb5f8,0x00000000e0c00000)
  to   space 19968K, 0% used [0x00000000e4880000,0x00000000e4880000,0x00000000e5c00000)
 ParOldGen       total 73728K, used 30188K [0x0000000080000000, 0x0000000084800000, 0x00000000d5580000)
  object space 73728K, 40% used [0x0000000080000000,0x0000000081d7b188,0x0000000084800000)
 Metaspace       used 56842K, capacity 59150K, committed 59160K, reserved 1099776K
  class space    used 7769K, capacity 8230K, committed 8240K, reserved 1048576K
Event: 21.288 GC heap after
Heap after GC invocations=14 (full 2):
 PSYoungGen      total 248320K, used 768K [0x00000000d5580000, 0x00000000e6c00000, 0x0000000100000000)
  eden space 228352K, 0% used [0x00000000d5580000,0x00000000d5580000,0x00000000e3480000)
  from space 19968K, 3% used [0x00000000e4880000,0x00000000e4940000,0x00000000e5c00000)
  to   space 20480K, 0% used [0x00000000e3480000,0x00000000e3480000,0x00000000e4880000)
 ParOldGen       total 73728K, used 41297K [0x0000000080000000, 0x0000000084800000, 0x00000000d5580000)
  object space 73728K, 56% used [0x0000000080000000,0x0000000082854750,0x0000000084800000)
 Metaspace       used 56842K, capacity 59150K, committed 59160K, reserved 1099776K
  class space    used 7769K, capacity 8230K, committed 8240K, reserved 1048576K
}
Event: 21.288 GC heap before
{Heap before GC invocations=15 (full 3):
 PSYoungGen      total 248320K, used 768K [0x00000000d5580000, 0x00000000e6c00000, 0x0000000100000000)
  eden space 228352K, 0% used [0x00000000d5580000,0x00000000d5580000,0x00000000e3480000)
  from space 19968K, 3% used [0x00000000e4880000,0x00000000e4940000,0x00000000e5c00000)
  to   space 20480K, 0% used [0x00000000e3480000,0x00000000e3480000,0x00000000e4880000)
 ParOldGen       total 73728K, used 41297K [0x0000000080000000, 0x0000000084800000, 0x00000000d5580000)
  object space 73728K, 56% used [0x0000000080000000,0x0000000082854750,0x0000000084800000)
 Metaspace       used 56842K, capacity 59150K, committed 59160K, reserved 1099776K
  class space    used 7769K, capacity 8230K, committed 8240K, reserved 1048576K
Event: 21.898 GC heap after
Heap after GC invocations=15 (full 3):
 PSYoungGen      total 248320K, used 0K [0x00000000d5580000, 0x00000000e6c00000, 0x0000000100000000)
  eden space 228352K, 0% used [0x00000000d5580000,0x00000000d5580000,0x00000000e3480000)
  from space 19968K, 0% used [0x00000000e4880000,0x00000000e4880000,0x00000000e5c00000)
  to   space 20480K, 0% used [0x00000000e3480000,0x00000000e3480000,0x00000000e4880000)
 ParOldGen       total 104448K, used 28872K [0x0000000080000000, 0x0000000086600000, 0x00000000d5580000)
  object space 104448K, 27% used [0x0000000080000000,0x0000000081c32348,0x0000000086600000)
 Metaspace       used 56840K, capacity 59144K, committed 59160K, reserved 1099776K
  class space    used 7768K, capacity 8229K, committed 8240K, reserved 1048576K
}
Event: 29.818 GC heap before
{Heap before GC invocations=16 (full 3):
 PSYoungGen      total 248320K, used 228352K [0x00000000d5580000, 0x00000000e6c00000, 0x0000000100000000)
  eden space 228352K, 100% used [0x00000000d5580000,0x00000000e3480000,0x00000000e3480000)
  from space 19968K, 0% used [0x00000000e4880000,0x00000000e4880000,0x00000000e5c00000)
  to   space 20480K, 0% used [0x00000000e3480000,0x00000000e3480000,0x00000000e4880000)
 ParOldGen       total 104448K, used 28872K [0x0000000080000000, 0x0000000086600000, 0x00000000d5580000)
  object space 104448K, 27% used [0x0000000080000000,0x0000000081c32348,0x0000000086600000)
 Metaspace       used 64888K, capacity 68034K, committed 68248K, reserved 1107968K
  class space    used 8931K, capacity 9544K, committed 9648K, reserved 1048576K
Event: 29.858 GC heap after
Heap after GC invocations=16 (full 3):
 PSYoungGen      total 248832K, used 20472K [0x00000000d5580000, 0x00000000eb200000, 0x0000000100000000)
  eden space 228352K, 0% used [0x00000000d5580000,0x00000000d5580000,0x00000000e3480000)
  from space 20480K, 99% used [0x00000000e3480000,0x00000000e487e380,0x00000000e4880000)
  to   space 25088K, 0% used [0x00000000e9980000,0x00000000e9980000,0x00000000eb200000)
 ParOldGen       total 104448K, used 32466K [0x0000000080000000, 0x0000000086600000, 0x00000000d5580000)
  object space 104448K, 31% used [0x0000000080000000,0x0000000081fb4848,0x0000000086600000)
 Metaspace       used 64888K, capacity 68034K, committed 68248K, reserved 1107968K
  class space    used 8931K, capacity 9544K, committed 9648K, reserved 1048576K
}
Event: 38.652 GC heap before
{Heap before GC invocations=17 (full 3):
 PSYoungGen      total 248832K, used 248824K [0x00000000d5580000, 0x00000000eb200000, 0x0000000100000000)
  eden space 228352K, 100% used [0x00000000d5580000,0x00000000e3480000,0x00000000e3480000)
  from space 20480K, 99% used [0x00000000e3480000,0x00000000e487e380,0x00000000e4880000)
  to   space 25088K, 0% used [0x00000000e9980000,0x00000000e9980000,0x00000000eb200000)
 ParOldGen       total 104448K, used 32466K [0x0000000080000000, 0x0000000086600000, 0x00000000d5580000)
  object space 104448K, 31% used [0x0000000080000000,0x0000000081fb4848,0x0000000086600000)
 Metaspace       used 73636K, capacity 77574K, committed 77720K, reserved 1116160K
  class space    used 10136K, capacity 10896K, committed 10928K, reserved 1048576K
Event: 38.901 GC heap after
Heap after GC invocations=17 (full 3):
 PSYoungGen      total 318976K, used 25073K [0x00000000d5580000, 0x00000000ec800000, 0x0000000100000000)
  eden space 293888K, 0% used [0x00000000d5580000,0x00000000d5580000,0x00000000e7480000)
  from space 25088K, 99% used [0x00000000e9980000,0x00000000eb1fc610,0x00000000eb200000)
  to   space 37888K, 0% used [0x00000000e7480000,0x00000000e7480000,0x00000000e9980000)
 ParOldGen       total 104448K, used 55996K [0x0000000080000000, 0x0000000086600000, 0x00000000d5580000)
  object space 104448K, 53% used [0x0000000080000000,0x00000000836af198,0x0000000086600000)
 Metaspace       used 73636K, capacity 77574K, committed 77720K, reserved 1116160K
  class space    used 10136K, capacity 10896K, committed 10928K, reserved 1048576K
}
Event: 46.055 GC heap before
{Heap before GC invocations=18 (full 3):
 PSYoungGen      total 318976K, used 318961K [0x00000000d5580000, 0x00000000ec800000, 0x0000000100000000)
  eden space 293888K, 100% used [0x00000000d5580000,0x00000000e7480000,0x00000000e7480000)
  from space 25088K, 99% used [0x00000000e9980000,0x00000000eb1fc610,0x00000000eb200000)
  to   space 37888K, 0% used [0x00000000e7480000,0x00000000e7480000,0x00000000e9980000)
 ParOldGen       total 104448K, used 55996K [0x0000000080000000, 0x0000000086600000, 0x00000000d5580000)
  object space 104448K, 53% used [0x0000000080000000,0x00000000836af198,0x0000000086600000)
 Metaspace       used 74709K, capacity 79016K, committed 79256K, reserved 1118208K
  class space    used 10267K, capacity 11079K, committed 11184K, reserved 1048576K
Event: 46.370 GC heap after
Heap after GC invocations=18 (full 3):
 PSYoungGen      total 331776K, used 2588K [0x00000000d5580000, 0x00000000ec800000, 0x0000000100000000)
  eden space 293888K, 0% used [0x00000000d5580000,0x00000000d5580000,0x00000000e7480000)
  from space 37888K, 6% used [0x00000000e7480000,0x00000000e7707008,0x00000000e9980000)
  to   space 25088K, 0% used [0x00000000e9980000,0x00000000e9980000,0x00000000eb200000)
 ParOldGen       total 104448K, used 78964K [0x0000000080000000, 0x0000000086600000, 0x00000000d5580000)
  object space 104448K, 75% used [0x0000000080000000,0x0000000084d1d358,0x0000000086600000)
 Metaspace       used 74709K, capacity 79016K, committed 79256K, reserved 1118208K
  class space    used 10267K, capacity 11079K, committed 11184K, reserved 1048576K
}

