# JRE version: OpenJDK Runtime Environment (8.0_242-b01) (build 1.8.0_242-release-1644-b01)
# Java VM: OpenJDK 64-Bit Server VM (25.242-b01 mixed mode windows-amd64 compressed oops)
Heap:
 PSYoungGen      total 257536K, used 199538K [0x00000000d5580000, 0x00000000e6a00000, 0x0000000100000000)
  eden space 235520K, 75% used [0x00000000d5580000,0x00000000e02dda18,0x00000000e3b80000)
  from space 22016K, 99% used [0x00000000e3f00000,0x00000000e547efc0,0x00000000e5480000)
  to   space 16384K, 0% used [0x00000000e5a00000,0x00000000e5a00000,0x00000000e6a00000)
 ParOldGen       total 108032K, used 66061K [0x0000000080000000, 0x0000000086980000, 0x00000000d5580000)
  object space 108032K, 61% used [0x0000000080000000,0x00000000840834f8,0x0000000086980000)
 Metaspace       used 73992K, capacity 78018K, committed 78232K, reserved 1116160K
  class space    used 10179K, capacity 10924K, committed 10928K, reserved 1048576K
GC Heap History (10 events):
Event: 13.675 GC heap before
{Heap before GC invocations=12 (full 2):
 PSYoungGen      total 140288K, used 129024K [0x00000000d5580000, 0x00000000e2080000, 0x0000000100000000)
  eden space 129024K, 100% used [0x00000000d5580000,0x00000000dd380000,0x00000000dd380000)
  from space 11264K, 0% used [0x00000000dd380000,0x00000000dd380000,0x00000000dde80000)
  to   space 12800K, 0% used [0x00000000e1400000,0x00000000e1400000,0x00000000e2080000)
 ParOldGen       total 70144K, used 17317K [0x0000000080000000, 0x0000000084480000, 0x00000000d5580000)
  object space 70144K, 24% used [0x0000000080000000,0x00000000810e97e8,0x0000000084480000)
 Metaspace       used 41180K, capacity 42852K, committed 43176K, reserved 1087488K
  class space    used 5635K, capacity 6008K, committed 6064K, reserved 1048576K
Event: 13.709 GC heap after
Heap after GC invocations=12 (full 2):
 PSYoungGen      total 193024K, used 10707K [0x00000000d5580000, 0x00000000e2080000, 0x0000000100000000)
  eden space 180224K, 0% used [0x00000000d5580000,0x00000000d5580000,0x00000000e0580000)
  from space 12800K, 83% used [0x00000000e1400000,0x00000000e1e74ce8,0x00000000e2080000)
  to   space 13824K, 0% used [0x00000000e0580000,0x00000000e0580000,0x00000000e1300000)
 ParOldGen       total 70144K, used 17325K [0x0000000080000000, 0x0000000084480000, 0x00000000d5580000)
  object space 70144K, 24% used [0x0000000080000000,0x00000000810eb7e8,0x0000000084480000)
 Metaspace       used 41180K, capacity 42852K, committed 43176K, reserved 1087488K
  class space    used 5635K, capacity 6008K, committed 6064K, reserved 1048576K
}
Event: 19.029 GC heap before
{Heap before GC invocations=13 (full 2):
 PSYoungGen      total 193024K, used 188315K [0x00000000d5580000, 0x00000000e2080000, 0x0000000100000000)
  eden space 180224K, 98% used [0x00000000d5580000,0x00000000e02f2140,0x00000000e0580000)
  from space 12800K, 83% used [0x00000000e1400000,0x00000000e1e74ce8,0x00000000e2080000)
  to   space 13824K, 0% used [0x00000000e0580000,0x00000000e0580000,0x00000000e1300000)
 ParOldGen       total 70144K, used 17325K [0x0000000080000000, 0x0000000084480000, 0x00000000d5580000)
  object space 70144K, 24% used [0x0000000080000000,0x00000000810eb7e8,0x0000000084480000)
 Metaspace       used 56798K, capacity 59102K, committed 59160K, reserved 1099776K
  class space    used 7766K, capacity 8232K, committed 8240K, reserved 1048576K
Event: 19.115 GC heap after
Heap after GC invocations=13 (full 2):
 PSYoungGen      total 194048K, used 13822K [0x00000000d5580000, 0x00000000e6e00000, 0x0000000100000000)
  eden space 180224K, 0% used [0x00000000d5580000,0x00000000d5580000,0x00000000e0580000)
  from space 13824K, 99% used [0x00000000e0580000,0x00000000e12ffa20,0x00000000e1300000)
  to   space 20480K, 0% used [0x00000000e5a00000,0x00000000e5a00000,0x00000000e6e00000)
 ParOldGen       total 70144K, used 30241K [0x0000000080000000, 0x0000000084480000, 0x00000000d5580000)
  object space 70144K, 43% used [0x0000000080000000,0x0000000081d88438,0x0000000084480000)
 Metaspace       used 56798K, capacity 59102K, committed 59160K, reserved 1099776K
  class space    used 7766K, capacity 8232K, committed 8240K, reserved 1048576K
}
Event: 19.115 GC heap before
{Heap before GC invocations=14 (full 3):
 PSYoungGen      total 194048K, used 13822K [0x00000000d5580000, 0x00000000e6e00000, 0x0000000100000000)
  eden space 180224K, 0% used [0x00000000d5580000,0x00000000d5580000,0x00000000e0580000)
  from space 13824K, 99% used [0x00000000e0580000,0x00000000e12ffa20,0x00000000e1300000)
  to   space 20480K, 0% used [0x00000000e5a00000,0x00000000e5a00000,0x00000000e6e00000)
 ParOldGen       total 70144K, used 30241K [0x0000000080000000, 0x0000000084480000, 0x00000000d5580000)
  object space 70144K, 43% used [0x0000000080000000,0x0000000081d88438,0x0000000084480000)
 Metaspace       used 56798K, capacity 59102K, committed 59160K, reserved 1099776K
  class space    used 7766K, capacity 8232K, committed 8240K, reserved 1048576K
Event: 19.526 GC heap after
Heap after GC invocations=14 (full 3):
 PSYoungGen      total 194048K, used 0K [0x00000000d5580000, 0x00000000e6e00000, 0x0000000100000000)
  eden space 180224K, 0% used [0x00000000d5580000,0x00000000d5580000,0x00000000e0580000)
  from space 13824K, 0% used [0x00000000e0580000,0x00000000e0580000,0x00000000e1300000)
  to   space 20480K, 0% used [0x00000000e5a00000,0x00000000e5a00000,0x00000000e6e00000)
 ParOldGen       total 108032K, used 38406K [0x0000000080000000, 0x0000000086980000, 0x00000000d5580000)
  object space 108032K, 35% used [0x0000000080000000,0x0000000082581a88,0x0000000086980000)
 Metaspace       used 56793K, capacity 59084K, committed 59160K, reserved 1099776K
  class space    used 7765K, capacity 8229K, committed 8240K, reserved 1048576K
}
Event: 24.423 GC heap before
{Heap before GC invocations=15 (full 3):
 PSYoungGen      total 194048K, used 180224K [0x00000000d5580000, 0x00000000e6e00000, 0x0000000100000000)
  eden space 180224K, 100% used [0x00000000d5580000,0x00000000e0580000,0x00000000e0580000)
  from space 13824K, 0% used [0x00000000e0580000,0x00000000e0580000,0x00000000e1300000)
  to   space 20480K, 0% used [0x00000000e5a00000,0x00000000e5a00000,0x00000000e6e00000)
 ParOldGen       total 108032K, used 38406K [0x0000000080000000, 0x0000000086980000, 0x00000000d5580000)
  object space 108032K, 35% used [0x0000000080000000,0x0000000082581a88,0x0000000086980000)
 Metaspace       used 63770K, capacity 66792K, committed 66968K, reserved 1107968K
  class space    used 8782K, capacity 9375K, committed 9392K, reserved 1048576K
Event: 24.466 GC heap after
Heap after GC invocations=15 (full 3):
 PSYoungGen      total 251904K, used 16085K [0x00000000d5580000, 0x00000000e6a00000, 0x0000000100000000)
  eden space 235520K, 0% used [0x00000000d5580000,0x00000000d5580000,0x00000000e3b80000)
  from space 16384K, 98% used [0x00000000e5a00000,0x00000000e69b5578,0x00000000e6a00000)
  to   space 22016K, 0% used [0x00000000e3f00000,0x00000000e3f00000,0x00000000e5480000)
 ParOldGen       total 108032K, used 38414K [0x0000000080000000, 0x0000000086980000, 0x00000000d5580000)
  object space 108032K, 35% used [0x0000000080000000,0x0000000082583a88,0x0000000086980000)
 Metaspace       used 63770K, capacity 66792K, committed 66968K, reserved 1107968K
  class space    used 8782K, capacity 9375K, committed 9392K, reserved 1048576K
}
Event: 27.866 GC heap before
{Heap before GC invocations=16 (full 3):
 PSYoungGen      total 251904K, used 251605K [0x00000000d5580000, 0x00000000e6a00000, 0x0000000100000000)
  eden space 235520K, 100% used [0x00000000d5580000,0x00000000e3b80000,0x00000000e3b80000)
  from space 16384K, 98% used [0x00000000e5a00000,0x00000000e69b5578,0x00000000e6a00000)
  to   space 22016K, 0% used [0x00000000e3f00000,0x00000000e3f00000,0x00000000e5480000)
 ParOldGen       total 108032K, used 38414K [0x0000000080000000, 0x0000000086980000, 0x00000000d5580000)
  object space 108032K, 35% used [0x0000000080000000,0x0000000082583a88,0x0000000086980000)
 Metaspace       used 72442K, capacity 76410K, committed 76568K, reserved 1116160K
  class space    used 10047K, capacity 10792K, committed 10800K, reserved 1048576K
Event: 27.988 GC heap after
Heap after GC invocations=16 (full 3):
 PSYoungGen      total 257536K, used 22011K [0x00000000d5580000, 0x00000000e6a00000, 0x0000000100000000)
  eden space 235520K, 0% used [0x00000000d5580000,0x00000000d5580000,0x00000000e3b80000)
  from space 22016K, 99% used [0x00000000e3f00000,0x00000000e547efc0,0x00000000e5480000)
  to   space 16384K, 0% used [0x00000000e5a00000,0x00000000e5a00000,0x00000000e6a00000)
 ParOldGen       total 108032K, used 66061K [0x0000000080000000, 0x0000000086980000, 0x00000000d5580000)
  object space 108032K, 61% used [0x0000000080000000,0x00000000840834f8,0x0000000086980000)
 Metaspace       used 72442K, capacity 76410K, committed 76568K, reserved 1116160K
  class space    used 10047K, capacity 10792K, committed 10800K, reserved 1048576K
}

